<?xml version="1.0" encoding="UTF-8"?>
<!-- Generated by org.testng.reporters.JUnitReportReporter -->
<testsuite skipped="0" hostname="Alkesh" name="begineer.ExpeExceptionTest" tests="2" failures="0" timestamp="2021-05-14T19:11:25 IST" time="0.013" errors="0">
  <testcase name="showData" time="0.002" classname="begineer.ExpeExceptionTest"/>
  <system-out/>
  <testcase name="getData" time="0.011" classname="begineer.ExpeExceptionTest"/>
  <system-out/>
</testsuite> <!-- begineer.ExpeExceptionTest -->
