<?xml version="1.0" encoding="UTF-8"?>
<!-- Generated by org.testng.reporters.JUnitReportReporter -->
<testsuite skipped="0" hostname="Alkesh" name="parameterization.ParameterizationByXML" tests="1" failures="0" timestamp="2021-05-14T19:16:16 IST" time="0.011" errors="0">
  <testcase name="getBrowser" time="0.011" classname="parameterization.ParameterizationByXML"/>
  <system-out/>
</testsuite> <!-- parameterization.ParameterizationByXML -->
