<?xml version="1.0" encoding="UTF-8"?>
<!-- Generated by org.testng.reporters.JUnitReportReporter -->
<testsuite skipped="0" hostname="Alkesh" name="begineer.Priority" tests="5" failures="0" timestamp="2021-05-14T19:10:54 IST" time="0.019" errors="0">
  <testcase name="testCaseNegativeOne" time="0.009" classname="begineer.Priority"/>
  <system-out/>
  <testcase name="testCasePriority0" time="0.002" classname="begineer.Priority"/>
  <system-out/>
  <testcase name="testCasePriority1" time="0.002" classname="begineer.Priority"/>
  <system-out/>
  <testcase name="testCasePriority2" time="0.001" classname="begineer.Priority"/>
  <system-out/>
  <testcase name="testCasePriority3" time="0.005" classname="begineer.Priority"/>
  <system-out/>
</testsuite> <!-- begineer.Priority -->
