<?xml version="1.0" encoding="UTF-8"?>
<!-- Generated by org.testng.reporters.JUnitReportReporter -->
<testsuite skipped="0" hostname="Alkesh" name="depends.DependsOnMethodTest" tests="2" failures="0" timestamp="2021-05-14T19:13:29 IST" time="0.016" errors="0">
  <testcase name="testCase2" time="0.003" classname="depends.DependsOnMethodTest"/>
  <system-out/>
  <testcase name="testCase1" time="0.013" classname="depends.DependsOnMethodTest"/>
  <system-out/>
</testsuite> <!-- depends.DependsOnMethodTest -->
