<?xml version="1.0" encoding="UTF-8"?>
<!-- Generated by org.testng.reporters.JUnitReportReporter -->
<testsuite skipped="0" hostname="Alkesh-PC" name="begineer.IgnoreTest" tests="2" failures="0" timestamp="15 Jun 2018 16:02:45 GMT" time="0.040" errors="0">
  <testcase name="testCase2" time="0.014" classname="begineer.IgnoreTest"/>
  <testcase name="testCase1" time="0.026" classname="begineer.IgnoreTest"/>
</testsuite> <!-- begineer.IgnoreTest -->
