<?xml version="1.0" encoding="UTF-8"?>
<!-- Generated by org.testng.reporters.JUnitReportReporter -->
<testsuite skipped="0" hostname="Alkesh" name="begineer.SequenceAnnotations" tests="2" failures="0" timestamp="2021-05-14T19:04:27 IST" time="0.013" errors="0">
  <testcase name="Test2" time="0.006" classname="begineer.SequenceAnnotations"/>
  <system-out/>
  <testcase name="Test1" time="0.007" classname="begineer.SequenceAnnotations"/>
  <system-out/>
</testsuite> <!-- begineer.SequenceAnnotations -->
