<?xml version="1.0" encoding="UTF-8"?>
<!-- Generated by org.testng.reporters.JUnitReportReporter -->
<testsuite skipped="0" hostname="Alkesh" name="invocationCount.InvocationCountDemo" tests="5" failures="0" timestamp="2021-05-14T19:28:38 IST" time="0.016" errors="0">
  <testcase name="testCaseOne" time="0.003" classname="invocationCount.InvocationCountDemo"/>
  <system-out/>
  <testcase name="testCaseOne" time="0.007" classname="invocationCount.InvocationCountDemo"/>
  <system-out/>
  <testcase name="testCaseOne" time="0.002" classname="invocationCount.InvocationCountDemo"/>
  <system-out/>
  <testcase name="testCaseOne" time="0.001" classname="invocationCount.InvocationCountDemo"/>
  <system-out/>
  <testcase name="testCaseOne" time="0.003" classname="invocationCount.InvocationCountDemo"/>
  <system-out/>
</testsuite> <!-- invocationCount.InvocationCountDemo -->
