<?xml version="1.0" encoding="UTF-8"?>
<!-- Generated by org.testng.reporters.JUnitReportReporter -->
<testsuite skipped="0" hostname="Alkesh" name="depends.DependsOnGroupTest" tests="2" failures="0" timestamp="2021-05-14T19:14:28 IST" time="0.013" errors="0">
  <testcase name="GroupOnetestCase" time="0.011" classname="depends.DependsOnGroupTest"/>
  <system-out/>
  <testcase name="GroupTwotestCase" time="0.002" classname="depends.DependsOnGroupTest"/>
  <system-out/>
</testsuite> <!-- depends.DependsOnGroupTest -->
