<?xml version="1.0" encoding="UTF-8"?>
<!-- Generated by org.testng.reporters.JUnitReportReporter -->
<testsuite skipped="0" hostname="Alkesh" name="grouping.GroupOne" tests="1" failures="0" timestamp="2021-05-14T19:15:26 IST" time="0.007" errors="0">
  <testcase name="GroupOnetestCase2" time="0.007" classname="grouping.GroupOne"/>
  <system-out/>
</testsuite> <!-- grouping.GroupOne -->
