<?xml version="1.0" encoding="UTF-8"?>
<!-- Generated by org.testng.reporters.JUnitReportReporter -->
<testsuite skipped="0" hostname="Alkesh" name="grouping.GroupTwo" tests="1" failures="0" timestamp="2021-05-14T19:15:26 IST" time="0.002" errors="0">
  <testcase name="GroupTwotestCase1" time="0.002" classname="grouping.GroupTwo"/>
  <system-out/>
</testsuite> <!-- grouping.GroupTwo -->
