<?xml version="1.0" encoding="UTF-8"?>
<!-- Generated by org.testng.reporters.JUnitReportReporter -->
<testsuite skipped="1" hostname="Alkesh" name="begineer.SkipExceptionTest" tests="1" failures="0" timestamp="2021-05-14T19:12:12 IST" time="0.012" errors="0">
  <testcase name="skipExceptionTest" time="0.012" classname="begineer.SkipExceptionTest">
    <skipped/>
  </testcase> <!-- skipExceptionTest -->
  <system-out/>
</testsuite> <!-- begineer.SkipExceptionTest -->
