<?xml version="1.0" encoding="UTF-8"?>
<!-- Generated by org.testng.reporters.JUnitReportReporter -->
<testsuite skipped="0" hostname="Alkesh" name="parameterization.DataProviderAnno" tests="2" failures="0" timestamp="2021-05-14T19:15:58 IST" time="0.012" errors="0">
  <testcase name="showData" time="0.009" classname="parameterization.DataProviderAnno"/>
  <system-out/>
  <testcase name="showData" time="0.003" classname="parameterization.DataProviderAnno"/>
  <system-out/>
</testsuite> <!-- parameterization.DataProviderAnno -->
